2024-06-20 17:06:39,277 [FedHEONN] [ERROR]: Mandatory parameter not found: 'threshold'
2024-06-20 17:06:39,277 [FedHEONN] [ INFO]: Generating metric data ...
2024-06-20 17:06:39,277 [FedHEONN] [ERROR]: No y_train and/or y_test predictions
2024-06-20 17:08:34,604 [FedHEONN] [ERROR]: Mandatory parameter not found: 'threshold'
2024-06-20 17:10:15,177 [FedHEONN] [ERROR]: Mandatory parameter not found: 'threshold'
2024-06-20 17:10:50,994 [FedHEONN] [ INFO]: Generating metric data ...
2024-06-20 17:10:50,994 [FedHEONN] [ERROR]: No y_train and/or y_test predictions
2024-06-20 17:12:46,314 [FedHEONN] [ INFO]: Generating metric data ...
2024-06-20 17:13:05,068 [FedHEONN] [ERROR]: No y_train and/or y_test predictions
2024-06-20 17:13:46,410 [FedHEONN] [ INFO]: Generating metric data ...
2024-06-20 17:14:50,785 [FedHEONN] [ INFO]: Generating metric data ...
2024-06-20 17:15:11,930 [FedHEONN] [ INFO]: Generating metric data ...
2024-06-20 17:15:37,669 [FedHEONN] [ERROR]: No y_train and/or y_test predictions
2024-06-20 17:16:40,080 [FedHEONN] [ INFO]: Generating metric data ...
2024-06-20 17:16:40,080 [FedHEONN] [ERROR]: No y_train and/or y_test predictions: 'super' object has no attribute 'y_train'
2024-06-20 17:17:10,175 [FedHEONN] [ INFO]: Generating metric data ...
2024-06-20 17:18:01,060 [FedHEONN] [ INFO]: Generating metric data ...
2024-06-20 17:19:33,770 [FedHEONN] [ INFO]: Generating metric data ...
2024-06-20 17:19:33,785 [FedHEONN] [ INFO]: Printing metrics ...
2024-06-20 17:19:33,785 [FedHEONN] [ INFO]: [REGRESSION REPORT DATASET [carbon_nanotubes]
	[TRAIN SET]
MSE: 0.00
MSE%: 28029066759685.48%
R2: 1.00
	[TEST  SET]
MSE: 0.00
MSE%: 19152455189719.43%
R2: 1.00

2024-06-20 17:19:33,785 [FedHEONN] [ INFO]: Plotting metrics ...
2024-06-20 17:20:59,796 [FedHEONN] [ INFO]: Generating metric data ...
2024-06-20 17:33:15,793 [FedHEONN] [ INFO]: Printing metrics ...
2024-06-20 17:34:25,506 [FedHEONN] [ INFO]: Generating metric data ...
2024-06-20 17:34:25,506 [FedHEONN] [ INFO]: Printing metrics ...
2024-06-20 17:34:50,460 [FedHEONN] [ INFO]: Generating metric data ...
2024-06-20 17:34:56,106 [FedHEONN] [ INFO]: Printing metrics ...
2024-06-20 17:36:40,110 [FedHEONN] [ INFO]: Generating metric data ...
2024-06-20 17:46:17,981 [FedHEONN] [ INFO]: Generating metric data ...
2024-06-20 17:46:18,000 [FedHEONN] [ INFO]: Printing metrics ...
2024-06-20 17:46:25,151 [FedHEONN] [ INFO]: [REGRESSION REPORT DATASET [carbon_nanotubes]
	[TRAIN SET]
MSE: 0.00
MAE%: [8.58e-03 8.61e-03 8.41e+11]
R2: 1.00
	[TEST  SET]
MSE: 0.00
MAE%: [8.58e-03 8.61e-03 8.41e+11]
R2: 1.00

2024-06-20 17:47:39,219 [FedHEONN] [ INFO]: Generating metric data ...
2024-06-20 17:47:39,219 [FedHEONN] [ INFO]: Printing metrics ...
2024-06-20 17:47:39,219 [FedHEONN] [ INFO]: [REGRESSION REPORT DATASET [carbon_nanotubes]
	[TRAIN SET]
MSE: 0.0001
MAE%: [8.58e-01 8.61e-01 8.41e+13]
R2: 0.9991
	[TEST  SET]
MSE: 0.0001
MAE%: [8.58e-03 8.61e-03 8.41e+11]
R2: 0.9993

2024-06-20 17:47:39,219 [FedHEONN] [ INFO]: Plotting metrics ...
2024-06-20 17:49:14,278 [FedHEONN] [ INFO]: Generating metric data ...
2024-06-20 17:49:14,278 [FedHEONN] [ INFO]: Printing metrics ...
2024-06-20 17:49:14,278 [FedHEONN] [ INFO]: [REGRESSION REPORT DATASET [carbon_nanotubes]
	[TRAIN SET]
MSE: 0.0001
MAE%: [8.58e-01 8.61e-01 8.41e+13]
R2: 0.9991
	[TEST  SET]
MSE: 0.0001
MAE%: ['0.91%', '0.89%', '57457359443951.91%']
R2: 0.9993

2024-06-20 17:49:14,278 [FedHEONN] [ INFO]: Plotting metrics ...
2024-06-20 18:05:09,584 [FedHEONN] [ INFO]: Generating metric data ...
2024-06-20 18:05:09,584 [FedHEONN] [ INFO]: Printing metrics ...
2024-06-20 18:05:09,584 [FedHEONN] [ INFO]: [REGRESSION REPORT DATASET [carbon_nanotubes]
	[TRAIN SET]
MSE: 0.0001
MAE%: ['0.86%', '0.86%', '84087197061179.50%']
R2: 0.9991
	[TEST  SET]
MSE: 0.0001
MAE%: ['0.91%', '0.89%', '57457359806754.23%']
R2: 0.9993

2024-06-20 18:05:09,584 [FedHEONN] [ INFO]: Plotting metrics ...
2024-06-20 18:05:45,958 [FedHEONN] [ INFO]: Generating metric data ...
2024-06-20 18:05:45,958 [FedHEONN] [ INFO]: Printing metrics ...
2024-06-20 18:05:45,958 [FedHEONN] [ INFO]: [REGRESSION REPORT DATASET [carbon_nanotubes]
	[TRAIN SET]
MSE: 7.8316e-05
MAE%: ['0.86%', '0.86%', '84087194134170.50%']
R2: 0.9991
	[TEST  SET]
MSE: 5.7490e-05
MAE%: ['0.91%', '0.89%', '57457358406252.06%']
R2: 0.9993

2024-06-20 18:05:45,958 [FedHEONN] [ INFO]: Plotting metrics ...
2024-06-20 18:41:59,149 [FedHEONN] [ INFO]: Generating metric data ...
2024-06-20 18:41:59,149 [FedHEONN] [ INFO]: Printing metrics ...
2024-06-20 18:41:59,149 [FedHEONN] [ INFO]: [REGRESSION REPORT DATASET [carbon_nanotubes]
	[TRAIN SET]
MSE: 7.8316e-05
MAE%: ['0.86%', '0.86%', '84087197633220.67%']
R2: 0.9991
	[TEST  SET]
MSE: 5.7490e-05
MAE%: ['0.91%', '0.89%', '57457361446622.44%']
R2: 0.9993

2024-06-20 18:41:59,149 [FedHEONN] [ INFO]: Plotting metrics ...
